<?xml version="1.0" encoding="UTF-8"?>
<testsuite xmlns:xsi="http://www.w3.org/2001/XMLSchema-instance" xsi:noNamespaceSchemaLocation="https://maven.apache.org/surefire/maven-surefire-plugin/xsd/surefire-test-report-3.0.xsd" version="3.0" name="com.fiap.N.I.B.ApplicationTests" time="25.633" tests="1" errors="0" skipped="0" failures="0">
  <properties>
[...]
</properties>
  <testcase name="contextLoads" classname="com.fiap.N.I.B.ApplicationTests" time="0.917">
    <system-out><![CDATA[19:36:30.474 [main] INFO org.springframework.test.context.support.AnnotationConfigContextLoaderUtils -- Could not detect default configuration classes for test class [com.fiap.N.I.B.ApplicationTests]: ApplicationTests does not declare any static, non-private, non-final, nested classes annotated with @Configuration.
19:36:30.791 [main] INFO org.springframework.boot.test.context.SpringBootTestContextBootstrapper -- Found @SpringBootConfiguration com.fiap.N.I.B.Application for test class com.fiap.N.I.B.ApplicationTests
 _   _       ___       ____
| \ | |     |_ _|     | __ )
|  \| |      | |      |  _ \
| |\  |  _   | |   _  | |_) |
|_| \_| (_) |___| (_) |____/
2024-10-31T19:36:32.708-03:00  INFO 11368 --- [N.I.B] [           main] com.fiap.N.I.B.ApplicationTests          : Starting ApplicationTests using Java 17.0.4.1 with PID 11368 (started by maria in C:\Users\maria\Documents\FIAP\2TDSPR\1 Semestre\Challenge\Sprint2\Java\JavaAdvance-Challenge-Odontoprev\N.I.B)
2024-10-31T19:36:32.714-03:00  INFO 11368 --- [N.I.B] [           main] com.fiap.N.I.B.ApplicationTests          : No active profile set, falling back to 1 default profile: "default"
2024-10-31T19:36:34.677-03:00  INFO 11368 --- [N.I.B] [           main] .s.d.r.c.RepositoryConfigurationDelegate : Bootstrapping Spring Data JPA repositories in DEFAULT mode.
2024-10-31T19:36:34.992-03:00  INFO 11368 --- [N.I.B] [           main] .s.d.r.c.RepositoryConfigurationDelegate : Finished Spring Data repository scanning in 294 ms. Found 6 JPA repository interfaces.
2024-10-31T19:36:37.272-03:00  INFO 11368 --- [N.I.B] [           main] o.hibernate.jpa.internal.util.LogHelper  : HHH000204: Processing PersistenceUnitInfo [name: default]
2024-10-31T19:36:37.687-03:00  INFO 11368 --- [N.I.B] [           main] org.hibernate.Version                    : HHH000412: Hibernate ORM core version 6.5.2.Final
2024-10-31T19:36:37.797-03:00  INFO 11368 --- [N.I.B] [           main] o.h.c.internal.RegionFactoryInitiator    : HHH000026: Second-level cache disabled
2024-10-31T19:36:38.810-03:00  INFO 11368 --- [N.I.B] [           main] o.s.o.j.p.SpringPersistenceUnitInfo      : No LoadTimeWeaver setup: ignoring JPA class transformer
2024-10-31T19:36:38.927-03:00  INFO 11368 --- [N.I.B] [           main] com.zaxxer.hikari.HikariDataSource       : HikariPool-1 - Starting...
2024-10-31T19:36:39.799-03:00  INFO 11368 --- [N.I.B] [           main] com.zaxxer.hikari.pool.HikariPool        : HikariPool-1 - Added connection oracle.jdbc.driver.T4CConnection@563263a
2024-10-31T19:36:39.807-03:00  INFO 11368 --- [N.I.B] [           main] com.zaxxer.hikari.HikariDataSource       : HikariPool-1 - Start completed.
2024-10-31T19:36:40.405-03:00  WARN 11368 --- [N.I.B] [           main] org.hibernate.orm.deprecation            : HHH90000025: OracleDialect does not need to be specified explicitly using 'hibernate.dialect' (remove the property setting and it will be selected by default)
2024-10-31T19:36:47.710-03:00  INFO 11368 --- [N.I.B] [           main] o.h.e.t.j.p.i.JtaPlatformInitiator       : HHH000489: No JTA platform available (set 'hibernate.transaction.jta.platform' to enable JTA platform integration)
2024-10-31T19:36:49.048-03:00  INFO 11368 --- [N.I.B] [           main] j.LocalContainerEntityManagerFactoryBean : Initialized JPA EntityManagerFactory for persistence unit 'default'
2024-10-31T19:36:52.191-03:00  WARN 11368 --- [N.I.B] [           main] JpaBaseConfiguration$JpaWebConfiguration : spring.jpa.open-in-view is enabled by default. Therefore, database queries may be performed during view rendering. Explicitly configure spring.jpa.open-in-view to disable this warning
2024-10-31T19:36:54.448-03:00  INFO 11368 --- [N.I.B] [           main] com.fiap.N.I.B.ApplicationTests          : Started ApplicationTests in 23.107 seconds (process running for 26.479)
]]></system-out>
  </testcase>
</testsuite>